<?xml version="1.0" encoding="UTF-8"?>
<!-- Generated by org.testng.reporters.JUnitReportReporter -->
<testsuite hostname="ANUJA" failures="0" tests="2" name="testcases.LoginTest" time="4.762" errors="0" timestamp="2022-03-20T14:06:40 IST" skipped="0">
  <testcase classname="testcases.LoginTest" name="LoginSuccessTest" time="2.722"/>
  <system-out/>
  <testcase classname="testcases.LoginTest" name="LoginFailureTest" time="2.040"/>
  <system-out/>
</testsuite> <!-- testcases.LoginTest -->
