<?xml version="1.0" encoding="UTF-8"?>
<!-- Generated by org.testng.reporters.JUnitReportReporter -->
<testsuite skipped="0" hostname="ANUJA" name="testcases.LoginTest" tests="2" failures="0" timestamp="2022-03-20T13:02:47 IST" time="7.101" errors="0">
  <testcase name="LoginSuccessTest" time="3.167" classname="testcases.LoginTest"/>
  <system-out/>
  <testcase name="LoginFailureTest" time="3.934" classname="testcases.LoginTest"/>
  <system-out/>
</testsuite> <!-- testcases.LoginTest -->
